2025-04-29 08:51:39,135 - main - INFO - App started in development mode
2025-04-29 08:51:39,191 - main - INFO - Initializing Firebase
2025-04-29 08:52:18,869 - main - INFO - App started in development mode
2025-04-29 08:52:18,908 - main - INFO - Initializing Firebase
2025-04-29 08:52:36,255 - main - INFO - App started in development mode
2025-04-29 08:52:36,324 - main - INFO - Initializing Firebase
2025-04-29 08:52:36,326 - main - INFO - Initializing Mongo DB client
2025-05-04 11:29:50,125 - main - INFO - App started in development mode
2025-05-04 11:29:50,179 - main - INFO - Initializing Firebase
2025-05-04 11:29:50,179 - main - INFO - Initializing Mongo DB client
2025-05-04 22:32:40,094 - main - INFO - App started in development mode
2025-05-04 22:32:40,200 - main - INFO - Initializing Firebase
2025-05-04 22:32:40,200 - main - INFO - Initializing Mongo DB client
2025-05-04 22:34:33,080 - main - INFO - Closing Mongo DB client connection
2025-05-04 22:34:33,115 - main - INFO - Shutting down
2025-05-04 22:34:37,524 - main - INFO - App started in development mode
2025-05-04 22:34:37,636 - main - INFO - Initializing Firebase
2025-05-04 22:34:37,637 - main - INFO - Initializing Mongo DB client
2025-05-04 22:35:49,657 - main - INFO - Closing Mongo DB client connection
2025-05-04 22:35:49,685 - main - INFO - Shutting down
2025-05-04 22:35:53,485 - main - INFO - App started in development mode
2025-05-04 22:35:53,574 - main - INFO - Initializing Firebase
2025-05-04 22:35:53,575 - main - INFO - Initializing Mongo DB client
2025-05-04 22:36:00,719 - main - INFO - Closing Mongo DB client connection
2025-05-04 22:36:00,753 - main - INFO - Shutting down
2025-05-04 22:38:24,501 - main - INFO - App started in development mode
2025-05-04 22:38:24,590 - main - INFO - Initializing Firebase
2025-05-04 22:38:24,590 - main - INFO - Initializing Mongo DB client
2025-05-05 08:25:04,149 - main - INFO - App started in development mode
2025-05-05 08:25:04,184 - main - INFO - Initializing Firebase
2025-05-05 08:25:04,184 - main - INFO - Initializing Mongo DB client
2025-05-05 09:21:15,231 - main - INFO - Closing Mongo DB client connection
2025-05-05 09:21:15,302 - main - INFO - Shutting down
2025-05-05 09:21:20,054 - main - INFO - App started in development mode
2025-05-05 09:21:20,088 - main - INFO - Initializing Firebase
2025-05-05 09:21:20,089 - main - INFO - Initializing Mongo DB client
2025-05-05 09:22:59,391 - main - INFO - Closing Mongo DB client connection
2025-05-05 09:22:59,422 - main - INFO - Shutting down
2025-05-05 09:23:01,459 - main - INFO - App started in development mode
2025-05-05 09:23:01,493 - main - INFO - Initializing Firebase
2025-05-05 09:23:01,493 - main - INFO - Initializing Mongo DB client
2025-05-05 09:26:12,457 - main - INFO - Closing Mongo DB client connection
2025-05-05 09:26:12,481 - main - INFO - Shutting down
2025-05-05 09:26:15,143 - main - INFO - App started in development mode
2025-05-05 09:26:15,199 - main - INFO - Initializing Firebase
2025-05-05 09:26:15,199 - main - INFO - Initializing Mongo DB client
2025-05-05 09:40:15,331 - main - INFO - Closing Mongo DB client connection
2025-05-05 09:40:15,391 - main - INFO - Shutting down
2025-05-05 09:40:18,902 - main - INFO - App started in development mode
2025-05-05 09:40:18,962 - main - INFO - Initializing Firebase
2025-05-05 09:40:18,962 - main - INFO - Initializing Mongo DB client
2025-05-05 09:47:32,297 - main - INFO - Closing Mongo DB client connection
2025-05-05 09:47:32,324 - main - INFO - Shutting down
2025-05-05 09:47:34,457 - main - INFO - App started in development mode
2025-05-05 09:47:34,494 - main - INFO - Initializing Firebase
2025-05-05 09:47:34,495 - main - INFO - Initializing Mongo DB client
2025-05-05 09:49:33,020 - main - INFO - Closing Mongo DB client connection
2025-05-05 09:49:33,049 - main - INFO - Shutting down
2025-05-05 09:49:35,495 - main - INFO - App started in development mode
2025-05-05 09:49:35,546 - main - INFO - Initializing Firebase
2025-05-05 09:49:35,546 - main - INFO - Initializing Mongo DB client
2025-05-05 09:49:41,379 - main - INFO - Closing Mongo DB client connection
2025-05-05 09:49:41,405 - main - INFO - Shutting down
2025-05-05 09:49:43,285 - main - INFO - App started in development mode
2025-05-05 09:49:43,320 - main - INFO - Initializing Firebase
2025-05-05 09:49:43,321 - main - INFO - Initializing Mongo DB client
2025-05-05 09:57:07,014 - main - INFO - Closing Mongo DB client connection
2025-05-05 09:57:07,044 - main - INFO - Shutting down
2025-05-05 09:57:09,581 - main - INFO - App started in development mode
2025-05-05 09:57:09,615 - main - INFO - Initializing Firebase
2025-05-05 09:57:09,617 - main - INFO - Initializing Mongo DB client
2025-05-23 16:15:45,475 - main - INFO - App started in development mode
2025-05-23 16:15:45,510 - main - INFO - Initializing Firebase
2025-05-23 16:15:45,510 - main - INFO - Initializing Mongo DB client
2025-05-23 16:18:06,949 - main - INFO - App started in development mode
2025-05-23 16:18:06,980 - main - INFO - Initializing Firebase
2025-05-23 16:18:06,980 - main - INFO - Initializing Mongo DB client
2025-05-23 16:25:28,473 - main - INFO - App started in development mode
2025-05-23 16:25:28,506 - main - INFO - Initializing Firebase
2025-05-23 16:25:28,506 - main - INFO - Initializing Mongo DB client
2025-05-23 16:28:13,929 - main - INFO - App started in development mode
2025-05-23 16:28:13,966 - main - INFO - Initializing Firebase
2025-05-23 16:28:13,966 - main - INFO - Initializing Mongo DB client
2025-05-23 16:29:22,485 - main - INFO - App started in development mode
2025-05-23 16:29:22,517 - main - INFO - Initializing Firebase
2025-05-23 16:29:22,517 - main - INFO - Initializing Mongo DB client
2025-05-23 16:31:28,361 - main - INFO - App started in development mode
2025-05-23 16:31:28,406 - main - INFO - Initializing Firebase
2025-05-23 16:31:28,406 - main - INFO - Initializing Mongo DB client
2025-05-23 16:39:01,405 - main - INFO - App started in development mode
2025-05-23 16:39:01,457 - main - INFO - Initializing Firebase
2025-05-23 16:39:01,458 - main - INFO - Initializing Mongo DB client
2025-05-23 16:51:06,846 - main - INFO - App started in development mode
2025-05-23 16:51:06,877 - main - INFO - Initializing Firebase
2025-05-23 16:51:06,877 - main - INFO - Initializing Mongo DB client
2025-05-23 16:51:45,396 - main - INFO - App started in development mode
2025-05-23 16:51:45,431 - main - INFO - Initializing Firebase
2025-05-23 16:51:45,431 - main - INFO - Initializing Mongo DB client
2025-05-23 16:52:43,245 - main - INFO - App started in development mode
2025-05-23 16:52:43,279 - main - INFO - Initializing Firebase
2025-05-23 16:52:43,279 - main - INFO - Initializing Mongo DB client
2025-05-23 16:54:32,495 - main - INFO - App started in development mode
2025-05-23 16:54:32,527 - main - INFO - Initializing Firebase
2025-05-23 16:54:32,527 - main - INFO - Initializing Mongo DB client
2025-05-23 16:56:41,341 - main - INFO - App started in development mode
2025-05-23 16:56:41,377 - main - INFO - Initializing Firebase
2025-05-23 16:56:41,378 - main - INFO - Initializing Mongo DB client
2025-05-23 17:03:15,654 - main - INFO - App started in development mode
2025-05-23 17:03:15,690 - main - INFO - Initializing Firebase
2025-05-23 17:03:15,691 - main - INFO - Initializing Mongo DB client
2025-05-23 17:10:12,967 - main - INFO - App started in development mode
2025-05-23 17:10:13,010 - main - INFO - Initializing Firebase
2025-05-23 17:10:13,011 - main - INFO - Initializing Mongo DB client
2025-05-23 17:11:45,961 - main - INFO - App started in development mode
2025-05-23 17:11:45,997 - main - INFO - Initializing Firebase
2025-05-23 17:11:45,997 - main - INFO - Initializing Mongo DB client
2025-05-23 17:20:55,920 - main - INFO - App started in development mode
2025-05-23 17:20:55,963 - main - INFO - Initializing Firebase
2025-05-23 17:20:55,964 - main - INFO - Initializing Mongo DB client
2025-05-23 17:24:15,286 - main - INFO - App started in development mode
2025-05-23 17:24:15,320 - main - INFO - Initializing Firebase
2025-05-23 17:24:15,320 - main - INFO - Initializing Mongo DB client
2025-05-23 17:43:22,253 - main - INFO - App started in development mode
2025-05-23 17:43:22,308 - main - INFO - Initializing Firebase
2025-05-23 17:43:22,308 - main - INFO - Initializing Mongo DB client
2025-05-23 17:52:57,387 - main - INFO - App started in development mode
2025-05-23 17:52:57,443 - main - INFO - Initializing Firebase
2025-05-23 17:52:57,443 - main - INFO - Initializing Mongo DB client
2025-05-23 17:54:58,999 - main - INFO - App started in development mode
2025-05-23 17:54:59,033 - main - INFO - Initializing Firebase
2025-05-23 17:54:59,034 - main - INFO - Initializing Mongo DB client
2025-05-23 17:55:29,588 - main - INFO - App started in development mode
2025-05-23 17:55:29,622 - main - INFO - Initializing Firebase
2025-05-23 17:55:29,622 - main - INFO - Initializing Mongo DB client
2025-05-23 17:56:58,964 - main - INFO - App started in development mode
2025-05-23 17:56:58,996 - main - INFO - Initializing Firebase
2025-05-23 17:56:58,996 - main - INFO - Initializing Mongo DB client
2025-05-23 17:58:15,378 - main - INFO - App started in development mode
2025-05-23 17:58:15,458 - main - INFO - Initializing Firebase
2025-05-23 17:58:15,458 - main - INFO - Initializing Mongo DB client
2025-05-23 18:00:59,269 - main - INFO - App started in development mode
2025-05-23 18:00:59,310 - main - INFO - Initializing Firebase
2025-05-23 18:00:59,310 - main - INFO - Initializing Mongo DB client
2025-05-23 18:02:32,573 - main - INFO - App started in development mode
2025-05-23 18:02:32,611 - main - INFO - Initializing Firebase
2025-05-23 18:02:32,611 - main - INFO - Initializing Mongo DB client
2025-05-23 18:02:48,851 - main - INFO - App started in development mode
2025-05-23 18:02:48,888 - main - INFO - Initializing Firebase
2025-05-23 18:02:48,889 - main - INFO - Initializing Mongo DB client
2025-05-23 18:03:25,199 - main - INFO - App started in development mode
2025-05-23 18:03:25,232 - main - INFO - Initializing Firebase
2025-05-23 18:03:25,233 - main - INFO - Initializing Mongo DB client
2025-05-23 18:08:06,538 - main - INFO - App started in development mode
2025-05-23 18:08:06,583 - main - INFO - Initializing Firebase
2025-05-23 18:08:06,583 - main - INFO - Initializing Mongo DB client
2025-05-23 18:09:08,204 - main - INFO - App started in development mode
2025-05-23 18:09:08,236 - main - INFO - Initializing Firebase
2025-05-23 18:09:08,236 - main - INFO - Initializing Mongo DB client
2025-05-23 18:09:53,121 - main - INFO - App started in development mode
2025-05-23 18:09:53,155 - main - INFO - Initializing Firebase
2025-05-23 18:09:53,155 - main - INFO - Initializing Mongo DB client
2025-05-23 18:10:45,085 - main - INFO - App started in development mode
2025-05-23 18:10:45,118 - main - INFO - Initializing Firebase
2025-05-23 18:10:45,118 - main - INFO - Initializing Mongo DB client
2025-05-23 18:13:22,185 - main - INFO - App started in development mode
2025-05-23 18:13:22,216 - main - INFO - Initializing Firebase
2025-05-23 18:13:22,216 - main - INFO - Initializing Mongo DB client
2025-05-23 18:26:03,027 - main - INFO - App started in development mode
2025-05-23 18:26:03,076 - main - INFO - Initializing Firebase
2025-05-23 18:26:03,076 - main - INFO - Initializing Mongo DB client
2025-05-23 18:28:24,186 - main - INFO - App started in development mode
2025-05-23 18:28:24,224 - main - INFO - Initializing Firebase
2025-05-23 18:28:24,224 - main - INFO - Initializing Mongo DB client
2025-05-23 18:29:30,771 - main - INFO - App started in development mode
2025-05-23 18:29:30,808 - main - INFO - Initializing Firebase
2025-05-23 18:29:30,808 - main - INFO - Initializing Mongo DB client
2025-05-23 18:30:01,604 - main - INFO - App started in development mode
2025-05-23 18:30:01,656 - main - INFO - Initializing Firebase
2025-05-23 18:30:01,656 - main - INFO - Initializing Mongo DB client
2025-05-23 18:32:25,298 - main - INFO - App started in development mode
2025-05-23 18:32:25,331 - main - INFO - Initializing Firebase
2025-05-23 18:32:25,331 - main - INFO - Initializing Mongo DB client
2025-05-23 19:06:54,848 - main - INFO - App started in development mode
2025-05-23 19:06:54,898 - main - INFO - Initializing Firebase
2025-05-23 19:06:54,898 - main - INFO - Initializing Mongo DB client
2025-05-23 19:08:58,134 - main - INFO - App started in development mode
2025-05-23 19:08:58,167 - main - INFO - Initializing Firebase
2025-05-23 19:08:58,168 - main - INFO - Initializing Mongo DB client
2025-05-23 19:11:57,537 - main - INFO - App started in development mode
2025-05-23 19:11:57,568 - main - INFO - Initializing Firebase
2025-05-23 19:11:57,568 - main - INFO - Initializing Mongo DB client
2025-05-23 19:13:02,991 - main - INFO - App started in development mode
2025-05-23 19:13:03,022 - main - INFO - Initializing Firebase
2025-05-23 19:13:03,022 - main - INFO - Initializing Mongo DB client
2025-05-23 19:18:46,052 - main - INFO - App started in development mode
2025-05-23 19:18:46,113 - main - INFO - Initializing Firebase
2025-05-23 19:18:46,113 - main - INFO - Initializing Mongo DB client
2025-05-23 19:20:55,112 - main - INFO - App started in development mode
2025-05-23 19:20:55,145 - main - INFO - Initializing Firebase
2025-05-23 19:20:55,145 - main - INFO - Initializing Mongo DB client
2025-05-23 19:29:30,444 - main - INFO - App started in development mode
2025-05-23 19:29:30,499 - main - INFO - Initializing Firebase
2025-05-23 19:29:30,499 - main - INFO - Initializing Mongo DB client
2025-05-23 19:31:20,620 - main - INFO - App started in development mode
2025-05-23 19:31:20,656 - main - INFO - Initializing Firebase
2025-05-23 19:31:20,656 - main - INFO - Initializing Mongo DB client
2025-05-23 19:39:05,872 - main - INFO - App started in development mode
2025-05-23 19:39:05,928 - main - INFO - Initializing Firebase
2025-05-23 19:39:05,928 - main - INFO - Initializing Mongo DB client
2025-05-23 19:41:29,912 - main - INFO - App started in development mode
2025-05-23 19:41:29,944 - main - INFO - Initializing Firebase
2025-05-23 19:41:29,944 - main - INFO - Initializing Mongo DB client
2025-05-23 19:43:31,760 - main - INFO - App started in development mode
2025-05-23 19:43:31,792 - main - INFO - Initializing Firebase
2025-05-23 19:43:31,792 - main - INFO - Initializing Mongo DB client
2025-05-23 19:49:38,645 - main - INFO - App started in development mode
2025-05-23 19:49:38,681 - main - INFO - Initializing Firebase
2025-05-23 19:49:38,681 - main - INFO - Initializing Mongo DB client
2025-05-23 19:51:04,370 - main - INFO - App started in development mode
2025-05-23 19:51:04,410 - main - INFO - Initializing Firebase
2025-05-23 19:51:04,410 - main - INFO - Initializing Mongo DB client
2025-05-23 19:51:39,366 - main - INFO - App started in development mode
2025-05-23 19:51:39,399 - main - INFO - Initializing Firebase
2025-05-23 19:51:39,399 - main - INFO - Initializing Mongo DB client
2025-05-23 19:57:18,782 - main - INFO - App started in development mode
2025-05-23 19:57:18,816 - main - INFO - Initializing Firebase
2025-05-23 19:57:18,816 - main - INFO - Initializing Mongo DB client
2025-05-23 20:04:21,994 - main - INFO - App started in development mode
2025-05-23 20:04:22,030 - main - INFO - Initializing Firebase
2025-05-23 20:04:22,030 - main - INFO - Initializing Mongo DB client
2025-05-23 20:07:02,627 - main - INFO - App started in development mode
2025-05-23 20:07:02,660 - main - INFO - Initializing Firebase
2025-05-23 20:07:02,660 - main - INFO - Initializing Mongo DB client
2025-05-23 20:08:22,028 - main - INFO - App started in development mode
2025-05-23 20:08:22,060 - main - INFO - Initializing Firebase
2025-05-23 20:08:22,060 - main - INFO - Initializing Mongo DB client
2025-05-23 20:10:49,299 - main - INFO - App started in development mode
2025-05-23 20:10:49,332 - main - INFO - Initializing Firebase
2025-05-23 20:10:49,332 - main - INFO - Initializing Mongo DB client
2025-05-23 20:14:50,974 - main - INFO - App started in development mode
2025-05-23 20:14:51,018 - main - INFO - Initializing Firebase
2025-05-23 20:14:51,018 - main - INFO - Initializing Mongo DB client
2025-05-23 20:15:47,448 - main - INFO - App started in development mode
2025-05-23 20:15:47,481 - main - INFO - Initializing Firebase
2025-05-23 20:15:47,481 - main - INFO - Initializing Mongo DB client
